Reading sequences from: data/splits/random/train_sequences.fasta 
All sequences have length: 82 
Calculating consensus matrix...
Converting counts to probabilities (PWM)...
Generated PWM:
       [,1]      [,2]      [,3]      [,4]      [,5]      [,6]      [,7]
A 0.3125000 0.2500000 0.2968750 0.2343750 0.2135417 0.2760417 0.2708333
C 0.2031250 0.2552083 0.2291667 0.2968750 0.2500000 0.2708333 0.2760417
G 0.1979167 0.2552083 0.2343750 0.1614583 0.3072917 0.2083333 0.1927083
T 0.2864583 0.2395833 0.2395833 0.3072917 0.2291667 0.2447917 0.2604167
       [,8]      [,9]    [,10]     [,11]     [,12]     [,13]     [,14]    [,15]
A 0.2916667 0.2447917 0.281250 0.2708333 0.2239583 0.3125000 0.2239583 0.281250
C 0.2343750 0.2760417 0.296875 0.2604167 0.2916667 0.2239583 0.2968750 0.296875
G 0.2031250 0.2083333 0.234375 0.2239583 0.2291667 0.2031250 0.2447917 0.171875
T 0.2708333 0.2708333 0.187500 0.2447917 0.2552083 0.2604167 0.2343750 0.250000
      [,16]     [,17]     [,18]     [,19]     [,20]     [,21]     [,22]
A 0.2447917 0.1979167 0.2604167 0.2552083 0.2187500 0.2031250 0.2135417
C 0.3072917 0.2656250 0.2812500 0.2552083 0.2500000 0.2708333 0.2552083
G 0.1614583 0.1822917 0.1822917 0.2500000 0.3072917 0.2812500 0.2343750
T 0.2864583 0.3541667 0.2760417 0.2395833 0.2239583 0.2447917 0.2968750
      [,23]     [,24]     [,25]     [,26]     [,27]     [,28]     [,29]
A 0.2656250 0.2083333 0.2656250 0.2552083 0.2500000 0.2135417 0.2447917
C 0.2239583 0.2604167 0.2291667 0.2812500 0.2812500 0.2708333 0.2604167
G 0.2604167 0.3072917 0.2447917 0.2343750 0.2239583 0.2604167 0.2187500
T 0.2500000 0.2239583 0.2604167 0.2291667 0.2447917 0.2552083 0.2760417
      [,30]     [,31]     [,32]     [,33]     [,34]     [,35]     [,36]
A 0.1979167 0.2812500 0.2083333 0.2447917 0.2239583 0.2343750 0.1822917
C 0.2916667 0.2395833 0.2604167 0.2656250 0.3072917 0.2916667 0.2552083
G 0.2187500 0.2187500 0.2916667 0.2395833 0.2447917 0.2135417 0.2864583
T 0.2916667 0.2604167 0.2395833 0.2500000 0.2239583 0.2604167 0.2760417
      [,37]     [,38]     [,39]     [,40]     [,41]     [,42]     [,43]
A 0.2395833 0.1406250 0.1979167 0.2395833 0.2604167 0.2447917 0.2031250
C 0.2656250 0.2812500 0.2812500 0.2708333 0.2135417 0.2395833 0.2916667
G 0.2552083 0.3229167 0.2864583 0.2760417 0.2395833 0.2500000 0.2604167
T 0.2395833 0.2552083 0.2343750 0.2135417 0.2864583 0.2656250 0.2447917
      [,44]     [,45]     [,46]     [,47]     [,48]     [,49]     [,50]
A 0.1927083 0.1770833 0.2708333 0.2135417 0.2031250 0.2291667 0.2187500
C 0.2864583 0.3125000 0.2708333 0.2500000 0.3177083 0.2708333 0.2760417
G 0.2135417 0.2708333 0.2395833 0.2708333 0.2343750 0.2291667 0.2135417
T 0.3072917 0.2395833 0.2187500 0.2656250 0.2447917 0.2708333 0.2916667
      [,51]     [,52]     [,53]     [,54]     [,55]     [,56]     [,57]
A 0.2343750 0.2395833 0.2760417 0.2135417 0.2552083 0.2291667 0.2343750
C 0.2708333 0.2656250 0.1875000 0.2343750 0.2968750 0.3333333 0.3072917
G 0.2239583 0.1875000 0.2760417 0.2864583 0.2187500 0.2343750 0.2395833
T 0.2708333 0.3072917 0.2604167 0.2656250 0.2291667 0.2031250 0.2187500
      [,58]     [,59]     [,60]    [,61]     [,62]     [,63]     [,64]
A 0.2500000 0.2239583 0.2239583 0.265625 0.2187500 0.2500000 0.2812500
C 0.3281250 0.2656250 0.2343750 0.218750 0.2395833 0.2708333 0.2135417
G 0.2291667 0.2604167 0.2604167 0.265625 0.3072917 0.2083333 0.2708333
T 0.1927083 0.2500000 0.2812500 0.250000 0.2343750 0.2708333 0.2343750
      [,65]     [,66]     [,67]     [,68]     [,69]     [,70]     [,71]
A 0.2604167 0.2552083 0.2343750 0.2552083 0.2083333 0.1979167 0.2656250
C 0.2395833 0.2343750 0.2656250 0.2239583 0.2395833 0.2916667 0.2135417
G 0.3020833 0.2812500 0.2395833 0.2343750 0.2760417 0.2604167 0.2552083
T 0.1979167 0.2291667 0.2604167 0.2864583 0.2760417 0.2500000 0.2656250
      [,72]     [,73]     [,74]     [,75]     [,76]     [,77]     [,78]
A 0.2447917 0.2239583 0.2395833 0.2291667 0.2083333 0.2552083 0.3020833
C 0.2656250 0.2343750 0.2604167 0.2552083 0.2552083 0.2760417 0.1875000
G 0.2812500 0.2552083 0.2343750 0.2187500 0.2916667 0.2187500 0.2708333
T 0.2083333 0.2864583 0.2656250 0.2968750 0.2447917 0.2500000 0.2395833
      [,79]     [,80]     [,81]     [,82]
A 0.2447917 0.2447917 0.2604167 0.2135417
C 0.2656250 0.2812500 0.2552083 0.2812500
G 0.2291667 0.2395833 0.2031250 0.2447917
T 0.2604167 0.2343750 0.2812500 0.2604167

Saving PWM object to: results/pwm_random.rds 
Saving PWM matrix to text file: results/pwm_random.txt 

PWM generation complete.
