Reading sequences from: data/training_sequences.fasta 
All sequences have length: 82 
Calculating consensus matrix...
Converting counts to probabilities (PWM)...
Generated PWM:
       [,1]      [,2]      [,3]      [,4]      [,5]      [,6]      [,7]
A 0.3265306 0.2346939 0.2857143 0.2551020 0.2244898 0.3265306 0.3163265
C 0.2244898 0.3061224 0.2653061 0.2755102 0.1836735 0.2653061 0.2551020
G 0.1836735 0.2040816 0.2653061 0.1530612 0.3367347 0.1326531 0.1326531
T 0.2653061 0.2551020 0.1836735 0.3163265 0.2551020 0.2755102 0.2959184
       [,8]      [,9]     [,10]     [,11]     [,12]     [,13]     [,14]
A 0.2959184 0.2448980 0.2857143 0.2551020 0.2448980 0.2551020 0.2653061
C 0.1938776 0.2244898 0.2857143 0.2959184 0.2551020 0.2040816 0.3163265
G 0.2142857 0.2346939 0.2244898 0.1938776 0.2244898 0.2653061 0.2448980
T 0.2959184 0.2959184 0.2040816 0.2551020 0.2755102 0.2755102 0.1734694
      [,15]     [,16]     [,17]     [,18]     [,19]     [,20]     [,21]
A 0.2244898 0.2448980 0.1632653 0.2142857 0.2653061 0.1938776 0.2448980
C 0.2959184 0.2653061 0.2551020 0.3061224 0.2653061 0.2653061 0.2857143
G 0.2040816 0.2040816 0.2857143 0.1530612 0.2346939 0.3163265 0.2142857
T 0.2755102 0.2857143 0.2959184 0.3265306 0.2346939 0.2244898 0.2551020
      [,22]     [,23]     [,24]     [,25]     [,26]     [,27]     [,28]
A 0.1734694 0.2653061 0.2346939 0.2346939 0.3265306 0.2755102 0.1836735
C 0.2448980 0.2551020 0.2857143 0.2448980 0.2857143 0.2142857 0.2857143
G 0.2448980 0.2653061 0.2244898 0.3061224 0.1938776 0.2755102 0.2551020
T 0.3367347 0.2142857 0.2551020 0.2142857 0.1938776 0.2346939 0.2755102
      [,29]     [,30]     [,31]     [,32]     [,33]     [,34]     [,35]
A 0.2755102 0.1632653 0.2448980 0.1836735 0.2346939 0.2653061 0.1836735
C 0.2959184 0.3163265 0.2244898 0.2346939 0.2653061 0.2653061 0.2959184
G 0.1632653 0.2448980 0.2755102 0.2959184 0.2346939 0.2551020 0.2857143
T 0.2653061 0.2755102 0.2551020 0.2857143 0.2653061 0.2142857 0.2346939
      [,36]     [,37]     [,38]     [,39]     [,40]     [,41]     [,42]
A 0.2142857 0.2244898 0.1326531 0.2448980 0.2448980 0.2959184 0.2448980
C 0.2653061 0.2346939 0.2653061 0.3163265 0.2755102 0.2142857 0.2959184
G 0.2857143 0.2755102 0.3265306 0.2142857 0.2448980 0.2244898 0.2244898
T 0.2346939 0.2653061 0.2755102 0.2244898 0.2346939 0.2653061 0.2346939
      [,43]     [,44]     [,45]     [,46]     [,47]     [,48]     [,49]
A 0.1428571 0.1428571 0.1836735 0.2040816 0.2551020 0.1836735 0.3265306
C 0.3673469 0.2551020 0.2857143 0.3877551 0.2142857 0.3673469 0.2244898
G 0.2244898 0.2040816 0.2551020 0.2857143 0.2346939 0.2346939 0.1938776
T 0.2653061 0.3979592 0.2755102 0.1224490 0.2959184 0.2142857 0.2551020
      [,50]     [,51]     [,52]     [,53]     [,54]     [,55]     [,56]
A 0.2244898 0.2959184 0.2551020 0.2755102 0.2448980 0.2346939 0.2551020
C 0.2653061 0.2959184 0.2551020 0.1836735 0.2244898 0.2857143 0.3061224
G 0.2551020 0.2346939 0.2142857 0.3061224 0.2857143 0.2857143 0.2244898
T 0.2551020 0.1734694 0.2755102 0.2346939 0.2448980 0.1938776 0.2142857
      [,57]     [,58]     [,59]     [,60]     [,61]     [,62]     [,63]
A 0.2755102 0.3061224 0.2040816 0.2448980 0.2959184 0.2346939 0.2653061
C 0.2959184 0.2857143 0.3061224 0.2346939 0.2551020 0.2755102 0.2755102
G 0.2755102 0.2346939 0.3265306 0.1428571 0.2448980 0.2755102 0.2346939
T 0.1530612 0.1734694 0.1632653 0.3775510 0.2040816 0.2142857 0.2244898
      [,64]     [,65]     [,66]     [,67]     [,68]     [,69]     [,70]
A 0.3469388 0.3061224 0.2244898 0.2142857 0.2448980 0.2244898 0.2448980
C 0.1836735 0.2346939 0.2755102 0.2448980 0.2142857 0.1530612 0.2244898
G 0.2448980 0.2346939 0.2755102 0.3061224 0.2551020 0.3673469 0.3061224
T 0.2244898 0.2244898 0.2244898 0.2346939 0.2857143 0.2551020 0.2244898
      [,71]     [,72]     [,73]     [,74]     [,75]     [,76]     [,77]
A 0.2551020 0.2551020 0.2448980 0.2448980 0.2142857 0.1938776 0.3265306
C 0.1938776 0.1938776 0.2346939 0.2244898 0.2244898 0.2244898 0.2653061
G 0.3367347 0.2857143 0.2857143 0.2653061 0.2346939 0.2959184 0.1938776
T 0.2142857 0.2653061 0.2346939 0.2653061 0.3265306 0.2857143 0.2142857
      [,78]     [,79]     [,80]     [,81]     [,82]
A 0.2959184 0.2551020 0.2346939 0.1938776 0.2755102
C 0.1530612 0.2755102 0.2755102 0.2551020 0.2551020
G 0.2857143 0.1836735 0.2040816 0.2551020 0.2346939
T 0.2653061 0.2857143 0.2857143 0.2959184 0.2346939

Saving PWM object to: results/generated_pwm.rds 
Saving PWM matrix to text file: results/generated_pwm.txt 

PWM generation complete.
