Reading sequences from: data/complete_labeled_82.fasta 
All sequences have length: 82 
Calculating consensus matrix...
Converting counts to probabilities (PWM)...
Generated PWM:
       [,1]      [,2]      [,3]   [,4]      [,5]      [,6]      [,7]      [,8]
A 0.3125000 0.2416667 0.2833333 0.2375 0.1958333 0.2625000 0.2625000 0.2833333
C 0.2208333 0.2541667 0.2375000 0.2625 0.2458333 0.2750000 0.2750000 0.2250000
G 0.2041667 0.2583333 0.2416667 0.1875 0.3125000 0.2041667 0.1833333 0.2208333
T 0.2625000 0.2458333 0.2375000 0.3125 0.2458333 0.2583333 0.2791667 0.2708333
       [,9]     [,10]     [,11]     [,12]     [,13]     [,14]     [,15]  [,16]
A 0.2583333 0.2708333 0.2583333 0.2250000 0.2958333 0.2500000 0.2666667 0.2375
C 0.2500000 0.2916667 0.2375000 0.2666667 0.2416667 0.2833333 0.2833333 0.3000
G 0.2125000 0.2458333 0.2375000 0.2416667 0.2125000 0.2416667 0.1875000 0.1750
T 0.2791667 0.1916667 0.2666667 0.2666667 0.2500000 0.2250000 0.2625000 0.2875
      [,17]     [,18]     [,19]     [,20]     [,21]     [,22]     [,23]
A 0.2166667 0.2625000 0.2708333 0.2333333 0.2166667 0.2333333 0.2500000
C 0.2625000 0.2916667 0.2333333 0.2375000 0.2708333 0.2416667 0.2416667
G 0.2166667 0.1833333 0.2583333 0.3041667 0.2791667 0.2250000 0.2750000
T 0.3041667 0.2625000 0.2375000 0.2250000 0.2333333 0.3000000 0.2333333
      [,24]  [,25]     [,26]     [,27]     [,28]     [,29]     [,30]     [,31]
A 0.2416667 0.2750 0.2500000 0.2583333 0.2250000 0.2583333 0.1833333 0.2708333
C 0.2500000 0.2250 0.2958333 0.2666667 0.2875000 0.2500000 0.2958333 0.2541667
G 0.2750000 0.2375 0.2291667 0.2333333 0.2333333 0.2208333 0.2375000 0.2250000
T 0.2333333 0.2625 0.2250000 0.2416667 0.2541667 0.2708333 0.2833333 0.2500000
      [,32]     [,33]     [,34]     [,35]     [,36]     [,37]     [,38]
A 0.2041667 0.2458333 0.2083333 0.2291667 0.2208333 0.2583333 0.1750000
C 0.2541667 0.2625000 0.2916667 0.2958333 0.2416667 0.2708333 0.2750000
G 0.2916667 0.2416667 0.2500000 0.2250000 0.2750000 0.2333333 0.3041667
T 0.2500000 0.2500000 0.2500000 0.2500000 0.2625000 0.2375000 0.2458333
      [,39]     [,40]     [,41]     [,42]     [,43]     [,44]     [,45]
A 0.1958333 0.2333333 0.2625000 0.2458333 0.1916667 0.2083333 0.1750000
C 0.2958333 0.2750000 0.2166667 0.2375000 0.2958333 0.2750000 0.3166667
G 0.2750000 0.2750000 0.2375000 0.2416667 0.2458333 0.2125000 0.2666667
T 0.2333333 0.2166667 0.2833333 0.2750000 0.2666667 0.3041667 0.2416667
      [,46]     [,47]     [,48]     [,49]     [,50]     [,51]     [,52]
A 0.2666667 0.2208333 0.2166667 0.2583333 0.2208333 0.2458333 0.2625000
C 0.2750000 0.2416667 0.3083333 0.2583333 0.2625000 0.2708333 0.2750000
G 0.2416667 0.2583333 0.2291667 0.2416667 0.2333333 0.2375000 0.1833333
T 0.2166667 0.2791667 0.2458333 0.2416667 0.2833333 0.2458333 0.2791667
      [,53]     [,54]     [,55]     [,56]     [,57]  [,58]     [,59]     [,60]
A 0.2666667 0.2208333 0.2625000 0.2375000 0.2416667 0.2250 0.2125000 0.2291667
C 0.2083333 0.2208333 0.3000000 0.3208333 0.3083333 0.3250 0.2541667 0.2250000
G 0.2541667 0.2833333 0.2208333 0.2416667 0.2375000 0.2375 0.2583333 0.2583333
T 0.2708333 0.2750000 0.2166667 0.2000000 0.2125000 0.2125 0.2750000 0.2875000
      [,61]     [,62]     [,63]     [,64]     [,65]     [,66]     [,67]
A 0.2708333 0.2041667 0.2583333 0.2875000 0.2583333 0.2583333 0.2250000
C 0.2333333 0.2333333 0.2791667 0.2166667 0.2458333 0.2333333 0.2750000
G 0.2625000 0.3166667 0.2041667 0.2500000 0.2916667 0.2791667 0.2416667
T 0.2333333 0.2458333 0.2583333 0.2458333 0.2041667 0.2291667 0.2583333
      [,68]     [,69]     [,70]     [,71]     [,72]     [,73]     [,74]
A 0.2458333 0.2041667 0.2250000 0.2583333 0.2541667 0.2458333 0.2166667
C 0.2291667 0.2208333 0.2541667 0.2416667 0.2625000 0.2125000 0.2625000
G 0.2500000 0.3041667 0.2625000 0.2583333 0.2708333 0.2708333 0.2500000
T 0.2750000 0.2708333 0.2583333 0.2416667 0.2125000 0.2708333 0.2708333
      [,75]     [,76]     [,77]     [,78]     [,79]     [,80]     [,81]
A 0.2166667 0.2125000 0.2500000 0.2916667 0.2416667 0.2625000 0.2416667
C 0.2416667 0.2666667 0.2833333 0.1958333 0.2416667 0.2833333 0.2458333
G 0.2416667 0.2625000 0.2083333 0.2583333 0.2500000 0.2166667 0.2250000
T 0.3000000 0.2583333 0.2583333 0.2541667 0.2666667 0.2375000 0.2875000
      [,82]
A 0.2333333
C 0.2708333
G 0.2416667
T 0.2541667

Saving PWM object to: results/pwm_cv.rds 
Saving PWM matrix to text file: results/pwm_cv.txt 

PWM generation complete.
