Reading sequences from: data/splits/chrom/train_sequences.fasta 
All sequences have length: 82 
Calculating consensus matrix...
Converting counts to probabilities (PWM)...
Generated PWM:
       [,1]      [,2]      [,3]      [,4]      [,5]      [,6]      [,7]
A 0.3090909 0.2545455 0.2909091 0.2363636 0.2363636 0.3454545 0.3636364
C 0.2363636 0.2727273 0.2545455 0.2727273 0.2909091 0.2363636 0.2909091
G 0.1818182 0.2363636 0.2181818 0.1272727 0.2545455 0.1454545 0.1090909
T 0.2727273 0.2363636 0.2363636 0.3636364 0.2181818 0.2727273 0.2363636
       [,8]      [,9]     [,10]     [,11]     [,12]     [,13]     [,14]
A 0.3454545 0.1818182 0.2363636 0.2000000 0.2363636 0.2545455 0.2545455
C 0.2000000 0.2727273 0.3272727 0.3818182 0.3272727 0.2909091 0.2727273
G 0.1818182 0.2363636 0.2000000 0.1636364 0.2000000 0.2545455 0.2363636
T 0.2727273 0.3090909 0.2363636 0.2545455 0.2363636 0.2000000 0.2363636
      [,15]     [,16]     [,17]     [,18]     [,19]     [,20]     [,21]
A 0.3454545 0.2727273 0.2181818 0.1454545 0.2727273 0.2000000 0.2909091
C 0.1636364 0.2545455 0.2727273 0.3636364 0.1818182 0.2363636 0.2363636
G 0.2000000 0.2181818 0.2181818 0.1454545 0.2181818 0.3636364 0.2000000
T 0.2909091 0.2545455 0.2909091 0.3454545 0.3272727 0.2000000 0.2727273
      [,22]     [,23]     [,24]     [,25]     [,26]     [,27]     [,28]
A 0.2000000 0.3090909 0.3454545 0.2909091 0.2727273 0.3090909 0.2181818
C 0.2909091 0.2181818 0.2363636 0.2363636 0.2545455 0.2363636 0.3454545
G 0.2181818 0.2181818 0.1454545 0.2181818 0.2545455 0.2727273 0.1818182
T 0.2909091 0.2545455 0.2727273 0.2545455 0.2181818 0.1818182 0.2545455
      [,29]     [,30]     [,31]     [,32]     [,33]     [,34]     [,35]
A 0.2545455 0.1818182 0.2181818 0.2363636 0.2181818 0.2181818 0.2000000
C 0.2727273 0.2545455 0.3454545 0.2000000 0.2727273 0.2363636 0.3454545
G 0.1636364 0.3090909 0.2181818 0.2909091 0.1636364 0.3454545 0.2181818
T 0.3090909 0.2545455 0.2181818 0.2727273 0.3454545 0.2000000 0.2363636
      [,36]     [,37]     [,38]     [,39]     [,40]      [,41]     [,42]
A 0.1636364 0.2181818 0.1090909 0.2181818 0.3090909 0.32727273 0.2545455
C 0.2545455 0.2181818 0.3272727 0.3090909 0.2363636 0.07272727 0.2727273
G 0.2727273 0.3090909 0.3272727 0.2363636 0.2545455 0.30909091 0.2181818
T 0.3090909 0.2545455 0.2363636 0.2363636 0.2000000 0.29090909 0.2545455
      [,43]     [,44]     [,45]     [,46]     [,47]     [,48]     [,49]
A 0.2000000 0.2363636 0.1636364 0.2181818 0.1454545 0.1636364 0.3090909
C 0.3454545 0.1818182 0.3272727 0.2909091 0.2363636 0.3818182 0.2545455
G 0.2181818 0.2363636 0.3454545 0.3272727 0.2545455 0.1818182 0.1454545
T 0.2363636 0.3454545 0.1636364 0.1636364 0.3636364 0.2727273 0.2909091
      [,50]     [,51]     [,52]     [,53]     [,54]     [,55]     [,56]
A 0.2181818 0.2363636 0.2181818 0.2727273 0.2727273 0.2000000 0.3090909
C 0.3272727 0.3090909 0.3272727 0.1818182 0.2181818 0.3090909 0.2545455
G 0.2000000 0.2363636 0.1272727 0.2727273 0.2545455 0.2363636 0.1454545
T 0.2545455 0.2181818 0.3272727 0.2727273 0.2545455 0.2545455 0.2909091
      [,57]     [,58]     [,59]     [,60]     [,61]     [,62]     [,63]
A 0.3272727 0.1818182 0.2727273 0.2363636 0.2909091 0.3272727 0.2909091
C 0.2909091 0.3636364 0.2545455 0.2000000 0.2181818 0.2545455 0.1818182
G 0.2545455 0.2181818 0.2545455 0.2000000 0.3090909 0.2000000 0.2545455
T 0.1272727 0.2363636 0.2181818 0.3636364 0.1818182 0.2181818 0.2727273
      [,64]     [,65]     [,66]      [,67]     [,68]     [,69]     [,70]
A 0.3818182 0.3090909 0.2363636 0.30909091 0.3272727 0.1818182 0.1818182
C 0.1636364 0.2545455 0.2000000 0.09090909 0.2000000 0.1636364 0.2363636
G 0.2545455 0.2363636 0.2545455 0.30909091 0.2363636 0.3454545 0.2727273
T 0.2000000 0.2000000 0.3090909 0.29090909 0.2363636 0.3090909 0.3090909
      [,71]     [,72]     [,73]     [,74]     [,75]     [,76]     [,77]
A 0.2909091 0.3090909 0.2545455 0.3454545 0.2181818 0.1818182 0.3272727
C 0.2000000 0.2000000 0.2000000 0.2000000 0.2363636 0.2363636 0.2363636
G 0.2727273 0.2363636 0.2909091 0.2181818 0.2363636 0.2363636 0.1272727
T 0.2363636 0.2545455 0.2545455 0.2363636 0.3090909 0.3454545 0.3090909
       [,78]     [,79]     [,80]     [,81]     [,82]
A 0.25454545 0.2545455 0.2909091 0.2181818 0.3272727
C 0.09090909 0.2545455 0.3090909 0.3090909 0.2000000
G 0.32727273 0.1818182 0.1272727 0.1818182 0.1636364
T 0.32727273 0.3090909 0.2727273 0.2909091 0.3090909

Saving PWM object to: results/pwm_chrom.rds 
Saving PWM matrix to text file: results/pwm_chrom.txt 

PWM generation complete.
